[08-Jan-2026 13:31:05 Europe/Berlin] \n\n=== PAYMENT HANDLER START ===
[08-Jan-2026 13:31:05 Europe/Berlin] POST data: {"nama_pengirim":"Test User","tanggal_transfer":"2026-01-08","id_transaksi":"7","id_user":"5","id_pengiriman":"7","metode_pembayaran":"bank_transfer"}
[08-Jan-2026 13:31:05 Europe/Berlin] FILES: ["bukti_pembayaran"]
[08-Jan-2026 13:31:05 Europe/Berlin] SESSION keys: ["user","user_id","user_name","username","email","role","logged_in","success","checkout_id","checkout_code","checkout_total","id_pengiriman","ongkir","subtotal","current_transaksi_id"]
[08-Jan-2026 13:31:05 Europe/Berlin] Session id_pengiriman: 7
[08-Jan-2026 13:31:05 Europe/Berlin] Session user_id: 5
[08-Jan-2026 13:31:05 Europe/Berlin] Resolved id_pengiriman: 7
[08-Jan-2026 13:31:05 Europe/Berlin] Resolved id_transaksi: 7
[08-Jan-2026 13:31:05 Europe/Berlin] Metode: bank_transfer, Nama: Test User, Tanggal: 2026-01-08
[08-Jan-2026 13:31:05 Europe/Berlin] File mime type: image/png
[08-Jan-2026 13:31:05 Europe/Berlin] Uploading to: ../uploads/pembayaran/pembayaran_5_1767875465.png
[08-Jan-2026 13:31:05 Europe/Berlin] File uploaded successfully: ../uploads/pembayaran/pembayaran_5_1767875465.png
[08-Jan-2026 13:31:05 Europe/Berlin] Transaction found: {"id_transaksi":7,"id_user":5,"total_harga":"7019000.00","status_pesanan":"","metode_pembayaran":"","alamat_pengiriman":"t, Testing, Testing, Testing 11111","no_resi":null,"tanggal_transaksi":"2026-01-08 17:37:33","tanggal_diperbarui":"2026-01-08 17:37:33","kode_transaksi":"TRX-20260108113733-72620","catatan_user":"","bukti_pembayaran":null,"ekspedisi":null,"no_resi_awal":null}
[08-Jan-2026 13:31:05 Europe/Berlin] Items found: 1
[08-Jan-2026 13:31:05 Europe/Berlin] Shipping found: {"id_pengiriman":7,"id_user":5,"no_pengiriman":"SHIP-20260108113733-45063","nama_penerima":"salabim","no_telepon":"12214124124","email":"salambim@example.com","provinsi":"Testing","kota":"Testing","kecamatan":"Testing","kode_pos":"11111","alamat_lengkap":"t","metode_pengiriman":"regular","ongkir":20000,"catatan":"","status_pengiriman":"Menunggu Pickup","tanggal_pengiriman":"2026-01-08 17:37:33","tanggal_konfirmasi":null,"tanggal_diterima":null,"created_at":"2026-01-08 17:37:33","updated_at":"2026-01-08 17:37:33"}
[08-Jan-2026 13:31:05 Europe/Berlin] Totals - Subtotal: 6999000, Ongkir: 20000, Total: 7019000
[08-Jan-2026 13:31:05 Europe/Berlin] Transaction rolled back: Unknown column 'nama_pengirim' in 'field list'
[08-Jan-2026 13:31:05 Europe/Berlin] [ERROR] Payment handler - Unknown column 'nama_pengirim' in 'field list'
[08-Jan-2026 13:31:05 Europe/Berlin] === PAYMENT HANDLER END ===\n
[08-Jan-2026 13:31:25 Europe/Berlin] \n\n=== PAYMENT HANDLER START ===
[08-Jan-2026 13:31:25 Europe/Berlin] POST data: {"nama_pengirim":"Test User","tanggal_transfer":"2026-01-08","id_transaksi":"7","id_user":"5","id_pengiriman":"7","metode_pembayaran":"ewallet"}
[08-Jan-2026 13:31:25 Europe/Berlin] FILES: ["bukti_pembayaran"]
[08-Jan-2026 13:31:25 Europe/Berlin] SESSION keys: ["user","user_id","user_name","username","email","role","logged_in","success","checkout_id","checkout_code","checkout_total","id_pengiriman","ongkir","subtotal","current_transaksi_id"]
[08-Jan-2026 13:31:25 Europe/Berlin] Session id_pengiriman: 7
[08-Jan-2026 13:31:25 Europe/Berlin] Session user_id: 5
[08-Jan-2026 13:31:25 Europe/Berlin] Resolved id_pengiriman: 7
[08-Jan-2026 13:31:25 Europe/Berlin] Resolved id_transaksi: 7
[08-Jan-2026 13:31:25 Europe/Berlin] Metode: ewallet, Nama: Test User, Tanggal: 2026-01-08
[08-Jan-2026 13:31:25 Europe/Berlin] File mime type: image/png
[08-Jan-2026 13:31:25 Europe/Berlin] Uploading to: ../uploads/pembayaran/pembayaran_5_1767875485.png
[08-Jan-2026 13:31:25 Europe/Berlin] File uploaded successfully: ../uploads/pembayaran/pembayaran_5_1767875485.png
[08-Jan-2026 13:31:25 Europe/Berlin] Transaction found: {"id_transaksi":7,"id_user":5,"total_harga":"7019000.00","status_pesanan":"","metode_pembayaran":"","alamat_pengiriman":"t, Testing, Testing, Testing 11111","no_resi":null,"tanggal_transaksi":"2026-01-08 17:37:33","tanggal_diperbarui":"2026-01-08 17:37:33","kode_transaksi":"TRX-20260108113733-72620","catatan_user":"","bukti_pembayaran":null,"ekspedisi":null,"no_resi_awal":null}
[08-Jan-2026 13:31:25 Europe/Berlin] Items found: 1
[08-Jan-2026 13:31:25 Europe/Berlin] Shipping found: {"id_pengiriman":7,"id_user":5,"no_pengiriman":"SHIP-20260108113733-45063","nama_penerima":"salabim","no_telepon":"12214124124","email":"salambim@example.com","provinsi":"Testing","kota":"Testing","kecamatan":"Testing","kode_pos":"11111","alamat_lengkap":"t","metode_pengiriman":"regular","ongkir":20000,"catatan":"","status_pengiriman":"Menunggu Pickup","tanggal_pengiriman":"2026-01-08 17:37:33","tanggal_konfirmasi":null,"tanggal_diterima":null,"created_at":"2026-01-08 17:37:33","updated_at":"2026-01-08 17:37:33"}
[08-Jan-2026 13:31:25 Europe/Berlin] Totals - Subtotal: 6999000, Ongkir: 20000, Total: 7019000
[08-Jan-2026 13:31:25 Europe/Berlin] Transaction rolled back: Unknown column 'nama_pengirim' in 'field list'
[08-Jan-2026 13:31:25 Europe/Berlin] [ERROR] Payment handler - Unknown column 'nama_pengirim' in 'field list'
[08-Jan-2026 13:31:25 Europe/Berlin] === PAYMENT HANDLER END ===\n
[08-Jan-2026 13:40:37 Europe/Berlin] \n\n=== PAYMENT HANDLER START ===
[08-Jan-2026 13:40:37 Europe/Berlin] POST data: {"id_transaksi":"7","id_user":"5","id_pengiriman":"7","metode_pembayaran":"bank_transfer"}
[08-Jan-2026 13:40:37 Europe/Berlin] FILES: ["bukti_pembayaran"]
[08-Jan-2026 13:40:37 Europe/Berlin] SESSION keys: ["user","user_id","user_name","username","email","role","logged_in","success","checkout_id","checkout_code","checkout_total","id_pengiriman","ongkir","subtotal","current_transaksi_id"]
[08-Jan-2026 13:40:37 Europe/Berlin] Session id_pengiriman: 7
[08-Jan-2026 13:40:37 Europe/Berlin] Session user_id: 5
[08-Jan-2026 13:40:37 Europe/Berlin] Resolved id_pengiriman: 7
[08-Jan-2026 13:40:37 Europe/Berlin] Resolved id_transaksi: 7
[08-Jan-2026 13:40:37 Europe/Berlin] Metode: bank_transfer
[08-Jan-2026 13:40:37 Europe/Berlin] File mime type: image/png
[08-Jan-2026 13:40:37 Europe/Berlin] Uploading to: ../uploads/pembayaran/pembayaran_5_1767876037.png
[08-Jan-2026 13:40:37 Europe/Berlin] File uploaded successfully: ../uploads/pembayaran/pembayaran_5_1767876037.png
[08-Jan-2026 13:40:37 Europe/Berlin] Transaction found: {"id_transaksi":7,"id_user":5,"total_harga":"7019000.00","status_pesanan":"","metode_pembayaran":"","alamat_pengiriman":"t, Testing, Testing, Testing 11111","no_resi":null,"tanggal_transaksi":"2026-01-08 17:37:33","tanggal_diperbarui":"2026-01-08 17:37:33","kode_transaksi":"TRX-20260108113733-72620","catatan_user":"","bukti_pembayaran":null,"ekspedisi":null,"no_resi_awal":null}
[08-Jan-2026 13:40:37 Europe/Berlin] Items found: 1
[08-Jan-2026 13:40:37 Europe/Berlin] Shipping found: {"id_pengiriman":7,"id_user":5,"no_pengiriman":"SHIP-20260108113733-45063","nama_penerima":"salabim","no_telepon":"12214124124","email":"salambim@example.com","provinsi":"Testing","kota":"Testing","kecamatan":"Testing","kode_pos":"11111","alamat_lengkap":"t","metode_pengiriman":"regular","ongkir":20000,"catatan":"","status_pengiriman":"Menunggu Pickup","tanggal_pengiriman":"2026-01-08 17:37:33","tanggal_konfirmasi":null,"tanggal_diterima":null,"created_at":"2026-01-08 17:37:33","updated_at":"2026-01-08 17:37:33"}
[08-Jan-2026 13:40:37 Europe/Berlin] Totals - Subtotal: 6999000, Ongkir: 20000, Total: 7019000
[08-Jan-2026 13:40:37 Europe/Berlin] Transaction rolled back: Unknown column 'tanggal_diperabarui' in 'field list'
[08-Jan-2026 13:40:37 Europe/Berlin] [ERROR] Payment handler - Unknown column 'tanggal_diperabarui' in 'field list'
[08-Jan-2026 13:40:37 Europe/Berlin] === PAYMENT HANDLER END ===\n
[08-Jan-2026 13:43:04 Europe/Berlin] \n\n=== PAYMENT HANDLER START ===
[08-Jan-2026 13:43:04 Europe/Berlin] POST data: {"id_transaksi":"7","id_user":"5","id_pengiriman":"7","metode_pembayaran":"bank_transfer"}
[08-Jan-2026 13:43:04 Europe/Berlin] FILES: ["bukti_pembayaran"]
[08-Jan-2026 13:43:04 Europe/Berlin] SESSION keys: ["user","user_id","user_name","username","email","role","logged_in","success","checkout_id","checkout_code","checkout_total","id_pengiriman","ongkir","subtotal","current_transaksi_id"]
[08-Jan-2026 13:43:04 Europe/Berlin] Session id_pengiriman: 7
[08-Jan-2026 13:43:04 Europe/Berlin] Session user_id: 5
[08-Jan-2026 13:43:04 Europe/Berlin] Resolved id_pengiriman: 7
[08-Jan-2026 13:43:04 Europe/Berlin] Resolved id_transaksi: 7
[08-Jan-2026 13:43:04 Europe/Berlin] Metode: bank_transfer
[08-Jan-2026 13:43:04 Europe/Berlin] File mime type: image/png
[08-Jan-2026 13:43:04 Europe/Berlin] Uploading to: ../uploads/pembayaran/pembayaran_5_1767876184.png
[08-Jan-2026 13:43:04 Europe/Berlin] File uploaded successfully: ../uploads/pembayaran/pembayaran_5_1767876184.png
[08-Jan-2026 13:43:04 Europe/Berlin] Transaction found: {"id_transaksi":7,"id_user":5,"total_harga":"7019000.00","status_pesanan":"","metode_pembayaran":"","alamat_pengiriman":"t, Testing, Testing, Testing 11111","no_resi":null,"tanggal_transaksi":"2026-01-08 17:37:33","tanggal_diperbarui":"2026-01-08 17:37:33","kode_transaksi":"TRX-20260108113733-72620","catatan_user":"","bukti_pembayaran":null,"ekspedisi":null,"no_resi_awal":null}
[08-Jan-2026 13:43:04 Europe/Berlin] Items found: 1
[08-Jan-2026 13:43:04 Europe/Berlin] Shipping found: {"id_pengiriman":7,"id_user":5,"no_pengiriman":"SHIP-20260108113733-45063","nama_penerima":"salabim","no_telepon":"12214124124","email":"salambim@example.com","provinsi":"Testing","kota":"Testing","kecamatan":"Testing","kode_pos":"11111","alamat_lengkap":"t","metode_pengiriman":"regular","ongkir":20000,"catatan":"","status_pengiriman":"Menunggu Pickup","tanggal_pengiriman":"2026-01-08 17:37:33","tanggal_konfirmasi":null,"tanggal_diterima":null,"created_at":"2026-01-08 17:37:33","updated_at":"2026-01-08 17:37:33"}
[08-Jan-2026 13:43:04 Europe/Berlin] Totals - Subtotal: 6999000, Ongkir: 20000, Total: 7019000
[08-Jan-2026 13:43:04 Europe/Berlin] Transaction rolled back: Unknown column 'tanggal_diperabarui' in 'field list'
[08-Jan-2026 13:43:04 Europe/Berlin] [ERROR] Payment handler - Unknown column 'tanggal_diperabarui' in 'field list'
[08-Jan-2026 13:43:04 Europe/Berlin] === PAYMENT HANDLER END ===\n
[08-Jan-2026 13:44:40 Europe/Berlin] \n\n=== PAYMENT HANDLER START ===
[08-Jan-2026 13:44:40 Europe/Berlin] POST data: {"id_transaksi":"7","id_user":"5","id_pengiriman":"7","metode_pembayaran":"bank_transfer"}
[08-Jan-2026 13:44:40 Europe/Berlin] FILES: ["bukti_pembayaran"]
[08-Jan-2026 13:44:40 Europe/Berlin] SESSION keys: ["user","user_id","user_name","username","email","role","logged_in","success","checkout_id","checkout_code","checkout_total","id_pengiriman","ongkir","subtotal","current_transaksi_id"]
[08-Jan-2026 13:44:40 Europe/Berlin] Session id_pengiriman: 7
[08-Jan-2026 13:44:40 Europe/Berlin] Session user_id: 5
[08-Jan-2026 13:44:40 Europe/Berlin] Resolved id_pengiriman: 7
[08-Jan-2026 13:44:40 Europe/Berlin] Resolved id_transaksi: 7
[08-Jan-2026 13:44:40 Europe/Berlin] Metode: bank_transfer
[08-Jan-2026 13:44:40 Europe/Berlin] File mime type: image/png
[08-Jan-2026 13:44:40 Europe/Berlin] Uploading to: ../uploads/pembayaran/pembayaran_5_1767876280.png
[08-Jan-2026 13:44:40 Europe/Berlin] File uploaded successfully: ../uploads/pembayaran/pembayaran_5_1767876280.png
[08-Jan-2026 13:44:40 Europe/Berlin] Transaction found: {"id_transaksi":7,"id_user":5,"total_harga":"7019000.00","status_pesanan":"","metode_pembayaran":"","alamat_pengiriman":"t, Testing, Testing, Testing 11111","no_resi":null,"tanggal_transaksi":"2026-01-08 17:37:33","tanggal_diperbarui":"2026-01-08 17:37:33","kode_transaksi":"TRX-20260108113733-72620","catatan_user":"","bukti_pembayaran":null,"ekspedisi":null,"no_resi_awal":null}
[08-Jan-2026 13:44:40 Europe/Berlin] Items found: 1
[08-Jan-2026 13:44:40 Europe/Berlin] Shipping found: {"id_pengiriman":7,"id_user":5,"no_pengiriman":"SHIP-20260108113733-45063","nama_penerima":"salabim","no_telepon":"12214124124","email":"salambim@example.com","provinsi":"Testing","kota":"Testing","kecamatan":"Testing","kode_pos":"11111","alamat_lengkap":"t","metode_pengiriman":"regular","ongkir":20000,"catatan":"","status_pengiriman":"Menunggu Pickup","tanggal_pengiriman":"2026-01-08 17:37:33","tanggal_konfirmasi":null,"tanggal_diterima":null,"created_at":"2026-01-08 17:37:33","updated_at":"2026-01-08 17:37:33"}
[08-Jan-2026 13:44:40 Europe/Berlin] Totals - Subtotal: 6999000, Ongkir: 20000, Total: 7019000
[08-Jan-2026 13:44:40 Europe/Berlin] Executing update query...
[08-Jan-2026 13:44:40 Europe/Berlin] Update transaksi rows affected: 1
[08-Jan-2026 13:44:40 Europe/Berlin] Clearing cart for user: 5
[08-Jan-2026 13:44:40 Europe/Berlin] Cart cleared. Rows deleted: 0
[08-Jan-2026 13:44:40 Europe/Berlin] Updating pengiriman: 7
[08-Jan-2026 13:44:40 Europe/Berlin] Pengiriman updated. Rows affected: 1
[08-Jan-2026 13:44:40 Europe/Berlin] Transaction committed successfully
[08-Jan-2026 13:44:40 Europe/Berlin] [SUCCESS] Payment confirmed: id_transaksi=7, no_pesanan=ORD-20260108134440-5425
[08-Jan-2026 13:44:40 Europe/Berlin] === PAYMENT HANDLER END ===\n
[08-Jan-2026 13:44:48 Europe/Berlin] \n\n=== PAYMENT HANDLER START ===
[08-Jan-2026 13:44:48 Europe/Berlin] POST data: {"id_transaksi":"7","id_user":"5","id_pengiriman":"7","metode_pembayaran":"bank_transfer"}
[08-Jan-2026 13:44:48 Europe/Berlin] FILES: ["bukti_pembayaran"]
[08-Jan-2026 13:44:48 Europe/Berlin] SESSION keys: ["user","user_id","user_name","username","email","role","logged_in","success","current_transaksi_id","id_pengiriman"]
[08-Jan-2026 13:44:48 Europe/Berlin] Session id_pengiriman: 7
[08-Jan-2026 13:44:48 Europe/Berlin] Session user_id: 5
[08-Jan-2026 13:44:48 Europe/Berlin] Resolved id_pengiriman: 7
[08-Jan-2026 13:44:48 Europe/Berlin] Resolved id_transaksi: 7
[08-Jan-2026 13:44:48 Europe/Berlin] Metode: bank_transfer
[08-Jan-2026 13:44:48 Europe/Berlin] File mime type: image/png
[08-Jan-2026 13:44:48 Europe/Berlin] Uploading to: ../uploads/pembayaran/pembayaran_5_1767876288.png
[08-Jan-2026 13:44:48 Europe/Berlin] File uploaded successfully: ../uploads/pembayaran/pembayaran_5_1767876288.png
[08-Jan-2026 13:44:48 Europe/Berlin] Transaction found: {"id_transaksi":7,"id_user":5,"total_harga":"7019000.00","status_pesanan":"","metode_pembayaran":"bank_transfer","alamat_pengiriman":"t, Testing, Testing, Testing 11111","no_resi":null,"tanggal_transaksi":"2026-01-08 17:37:33","tanggal_diperbarui":"2026-01-08 19:44:40","kode_transaksi":"TRX-20260108113733-72620","catatan_user":"","bukti_pembayaran":"pembayaran_5_1767876280.png","ekspedisi":null,"no_resi_awal":null}
[08-Jan-2026 13:44:48 Europe/Berlin] Items found: 1
[08-Jan-2026 13:44:48 Europe/Berlin] Shipping found: {"id_pengiriman":7,"id_user":5,"no_pengiriman":"SHIP-20260108113733-45063","nama_penerima":"salabim","no_telepon":"12214124124","email":"salambim@example.com","provinsi":"Testing","kota":"Testing","kecamatan":"Testing","kode_pos":"11111","alamat_lengkap":"t","metode_pengiriman":"regular","ongkir":20000,"catatan":"","status_pengiriman":"Menunggu Pickup","tanggal_pengiriman":"2026-01-08 17:37:33","tanggal_konfirmasi":"2026-01-08 19:44:40","tanggal_diterima":null,"created_at":"2026-01-08 17:37:33","updated_at":"2026-01-08 19:44:40"}
[08-Jan-2026 13:44:48 Europe/Berlin] Totals - Subtotal: 6999000, Ongkir: 20000, Total: 7019000
[08-Jan-2026 13:44:48 Europe/Berlin] Executing update query...
[08-Jan-2026 13:44:48 Europe/Berlin] Update transaksi rows affected: 1
[08-Jan-2026 13:44:48 Europe/Berlin] Clearing cart for user: 5
[08-Jan-2026 13:44:48 Europe/Berlin] Cart cleared. Rows deleted: 0
[08-Jan-2026 13:44:48 Europe/Berlin] Updating pengiriman: 7
[08-Jan-2026 13:44:48 Europe/Berlin] Pengiriman updated. Rows affected: 1
[08-Jan-2026 13:44:48 Europe/Berlin] Transaction committed successfully
[08-Jan-2026 13:44:48 Europe/Berlin] [SUCCESS] Payment confirmed: id_transaksi=7, no_pesanan=ORD-20260108134448-8621
[08-Jan-2026 13:44:48 Europe/Berlin] === PAYMENT HANDLER END ===\n
[08-Jan-2026 13:44:55 Europe/Berlin] \n\n=== PAYMENT HANDLER START ===
[08-Jan-2026 13:44:55 Europe/Berlin] POST data: {"id_transaksi":"7","id_user":"5","id_pengiriman":"7","metode_pembayaran":"bank_transfer"}
[08-Jan-2026 13:44:55 Europe/Berlin] FILES: ["bukti_pembayaran"]
[08-Jan-2026 13:44:55 Europe/Berlin] SESSION keys: ["user","user_id","user_name","username","email","role","logged_in","success","current_transaksi_id","id_pengiriman"]
[08-Jan-2026 13:44:55 Europe/Berlin] Session id_pengiriman: 7
[08-Jan-2026 13:44:55 Europe/Berlin] Session user_id: 5
[08-Jan-2026 13:44:55 Europe/Berlin] Resolved id_pengiriman: 7
[08-Jan-2026 13:44:55 Europe/Berlin] Resolved id_transaksi: 7
[08-Jan-2026 13:44:55 Europe/Berlin] Metode: bank_transfer
[08-Jan-2026 13:44:55 Europe/Berlin] File mime type: image/png
[08-Jan-2026 13:44:55 Europe/Berlin] Uploading to: ../uploads/pembayaran/pembayaran_5_1767876295.png
[08-Jan-2026 13:44:55 Europe/Berlin] File uploaded successfully: ../uploads/pembayaran/pembayaran_5_1767876295.png
[08-Jan-2026 13:44:55 Europe/Berlin] Transaction found: {"id_transaksi":7,"id_user":5,"total_harga":"7019000.00","status_pesanan":"","metode_pembayaran":"bank_transfer","alamat_pengiriman":"t, Testing, Testing, Testing 11111","no_resi":null,"tanggal_transaksi":"2026-01-08 17:37:33","tanggal_diperbarui":"2026-01-08 19:44:48","kode_transaksi":"TRX-20260108113733-72620","catatan_user":"","bukti_pembayaran":"pembayaran_5_1767876288.png","ekspedisi":null,"no_resi_awal":null}
[08-Jan-2026 13:44:55 Europe/Berlin] Items found: 1
[08-Jan-2026 13:44:55 Europe/Berlin] Shipping found: {"id_pengiriman":7,"id_user":5,"no_pengiriman":"SHIP-20260108113733-45063","nama_penerima":"salabim","no_telepon":"12214124124","email":"salambim@example.com","provinsi":"Testing","kota":"Testing","kecamatan":"Testing","kode_pos":"11111","alamat_lengkap":"t","metode_pengiriman":"regular","ongkir":20000,"catatan":"","status_pengiriman":"Menunggu Pickup","tanggal_pengiriman":"2026-01-08 17:37:33","tanggal_konfirmasi":"2026-01-08 19:44:48","tanggal_diterima":null,"created_at":"2026-01-08 17:37:33","updated_at":"2026-01-08 19:44:48"}
[08-Jan-2026 13:44:55 Europe/Berlin] Totals - Subtotal: 6999000, Ongkir: 20000, Total: 7019000
[08-Jan-2026 13:44:55 Europe/Berlin] Executing update query...
[08-Jan-2026 13:44:55 Europe/Berlin] Update transaksi rows affected: 1
[08-Jan-2026 13:44:55 Europe/Berlin] Clearing cart for user: 5
[08-Jan-2026 13:44:55 Europe/Berlin] Cart cleared. Rows deleted: 0
[08-Jan-2026 13:44:55 Europe/Berlin] Updating pengiriman: 7
[08-Jan-2026 13:44:55 Europe/Berlin] Pengiriman updated. Rows affected: 1
[08-Jan-2026 13:44:55 Europe/Berlin] Transaction committed successfully
[08-Jan-2026 13:44:55 Europe/Berlin] [SUCCESS] Payment confirmed: id_transaksi=7, no_pesanan=ORD-20260108134455-1255
[08-Jan-2026 13:44:55 Europe/Berlin] === PAYMENT HANDLER END ===\n
[08-Jan-2026 13:47:52 Europe/Berlin] \n\n=== PAYMENT HANDLER START ===
[08-Jan-2026 13:47:52 Europe/Berlin] POST data: {"id_transaksi":"7","id_user":"5","id_pengiriman":"7","metode_pembayaran":"bank_transfer"}
[08-Jan-2026 13:47:52 Europe/Berlin] FILES: ["bukti_pembayaran"]
[08-Jan-2026 13:47:52 Europe/Berlin] SESSION keys: ["user","user_id","user_name","username","email","role","logged_in","success","current_transaksi_id","id_pengiriman"]
[08-Jan-2026 13:47:52 Europe/Berlin] Session id_pengiriman: 7
[08-Jan-2026 13:47:52 Europe/Berlin] Session user_id: 5
[08-Jan-2026 13:47:52 Europe/Berlin] Resolved id_pengiriman: 7
[08-Jan-2026 13:47:52 Europe/Berlin] Resolved id_transaksi: 7
[08-Jan-2026 13:47:52 Europe/Berlin] Metode: bank_transfer
[08-Jan-2026 13:47:52 Europe/Berlin] File mime type: image/png
[08-Jan-2026 13:47:52 Europe/Berlin] Uploading to: ../uploads/pembayaran/pembayaran_5_1767876472.png
[08-Jan-2026 13:47:52 Europe/Berlin] File uploaded successfully: ../uploads/pembayaran/pembayaran_5_1767876472.png
[08-Jan-2026 13:47:52 Europe/Berlin] Transaction found: {"id_transaksi":7,"id_user":5,"total_harga":"7019000.00","status_pesanan":"","metode_pembayaran":"bank_transfer","alamat_pengiriman":"t, Testing, Testing, Testing 11111","no_resi":null,"tanggal_transaksi":"2026-01-08 17:37:33","tanggal_diperbarui":"2026-01-08 19:44:55","kode_transaksi":"TRX-20260108113733-72620","catatan_user":"","bukti_pembayaran":"pembayaran_5_1767876295.png","ekspedisi":null,"no_resi_awal":null}
[08-Jan-2026 13:47:52 Europe/Berlin] Items found: 1
[08-Jan-2026 13:47:52 Europe/Berlin] Shipping found: {"id_pengiriman":7,"id_user":5,"no_pengiriman":"SHIP-20260108113733-45063","nama_penerima":"salabim","no_telepon":"12214124124","email":"salambim@example.com","provinsi":"Testing","kota":"Testing","kecamatan":"Testing","kode_pos":"11111","alamat_lengkap":"t","metode_pengiriman":"regular","ongkir":20000,"catatan":"","status_pengiriman":"Menunggu Pickup","tanggal_pengiriman":"2026-01-08 17:37:33","tanggal_konfirmasi":"2026-01-08 19:44:55","tanggal_diterima":null,"created_at":"2026-01-08 17:37:33","updated_at":"2026-01-08 19:44:55"}
[08-Jan-2026 13:47:52 Europe/Berlin] Totals - Subtotal: 6999000, Ongkir: 20000, Total: 7019000
[08-Jan-2026 13:47:52 Europe/Berlin] Executing update query...
[08-Jan-2026 13:47:52 Europe/Berlin] Update transaksi rows affected: 1
[08-Jan-2026 13:47:52 Europe/Berlin] Clearing cart for user: 5
[08-Jan-2026 13:47:52 Europe/Berlin] Cart cleared. Rows deleted: 0
[08-Jan-2026 13:47:52 Europe/Berlin] Updating pengiriman: 7
[08-Jan-2026 13:47:52 Europe/Berlin] Pengiriman updated. Rows affected: 1
[08-Jan-2026 13:47:52 Europe/Berlin] Transaction committed successfully
[08-Jan-2026 13:47:52 Europe/Berlin] [SUCCESS] Payment confirmed: id_transaksi=7, no_pesanan=ORD-20260108134752-4416
[08-Jan-2026 13:47:52 Europe/Berlin] === PAYMENT HANDLER END ===\n
[08-Jan-2026 15:38:02 Europe/Berlin] \n\n=== PAYMENT HANDLER START ===
[08-Jan-2026 15:38:02 Europe/Berlin] POST data: {"id_transaksi":"8","id_user":"5","id_pengiriman":"8","metode_pembayaran":"bank_transfer"}
[08-Jan-2026 15:38:02 Europe/Berlin] FILES: ["bukti_pembayaran"]
[08-Jan-2026 15:38:02 Europe/Berlin] SESSION keys: ["user","user_id","user_name","username","email","role","logged_in","success","current_transaksi_id","checkout_id","checkout_code","checkout_total","id_pengiriman","ongkir","subtotal"]
[08-Jan-2026 15:38:02 Europe/Berlin] Session id_pengiriman: 8
[08-Jan-2026 15:38:02 Europe/Berlin] Session user_id: 5
[08-Jan-2026 15:38:02 Europe/Berlin] Resolved id_pengiriman: 8
[08-Jan-2026 15:38:02 Europe/Berlin] Resolved id_transaksi: 8
[08-Jan-2026 15:38:02 Europe/Berlin] Metode: bank_transfer
[08-Jan-2026 15:38:02 Europe/Berlin] File mime type: image/png
[08-Jan-2026 15:38:02 Europe/Berlin] Uploading to: ../uploads/pembayaran/pembayaran_5_1767883082.png
[08-Jan-2026 15:38:02 Europe/Berlin] File uploaded successfully: ../uploads/pembayaran/pembayaran_5_1767883082.png
[08-Jan-2026 15:38:02 Europe/Berlin] Transaction found: {"id_transaksi":8,"id_user":5,"total_harga":"7019000.00","status_pesanan":"","metode_pembayaran":"","alamat_pengiriman":"Testing, Testing, Testing, Testing 11111","no_resi":null,"tanggal_transaksi":"2026-01-08 21:37:49","tanggal_diperbarui":"2026-01-08 21:37:49","kode_transaksi":"TRX-20260108153749-78251","catatan_user":"","bukti_pembayaran":null,"ekspedisi":null,"no_resi_awal":null}
[08-Jan-2026 15:38:02 Europe/Berlin] Items found: 1
[08-Jan-2026 15:38:02 Europe/Berlin] Shipping found: {"id_pengiriman":8,"id_user":5,"no_pengiriman":"SHIP-20260108153749-61338","nama_penerima":"salabim","no_telepon":"111111111111","email":"salambim@example.com","provinsi":"Testing","kota":"Testing","kecamatan":"Testing","kode_pos":"11111","alamat_lengkap":"Testing","metode_pengiriman":"regular","ongkir":20000,"catatan":"","status_pengiriman":"Menunggu Pickup","tanggal_pengiriman":"2026-01-08 21:37:49","tanggal_konfirmasi":null,"tanggal_diterima":null,"created_at":"2026-01-08 21:37:49","updated_at":"2026-01-08 21:37:49"}
[08-Jan-2026 15:38:02 Europe/Berlin] Totals - Subtotal: 6999000, Ongkir: 20000, Total: 7019000
[08-Jan-2026 15:38:02 Europe/Berlin] Executing update query...
[08-Jan-2026 15:38:02 Europe/Berlin] Update transaksi rows affected: 1
[08-Jan-2026 15:38:02 Europe/Berlin] Clearing cart for user: 5
[08-Jan-2026 15:38:02 Europe/Berlin] Cart cleared. Rows deleted: 0
[08-Jan-2026 15:38:02 Europe/Berlin] Updating pengiriman: 8
[08-Jan-2026 15:38:02 Europe/Berlin] Pengiriman updated. Rows affected: 1
[08-Jan-2026 15:38:02 Europe/Berlin] Transaction committed successfully
[08-Jan-2026 15:38:02 Europe/Berlin] [SUCCESS] Payment confirmed: id_transaksi=8, no_pesanan=ORD-20260108153802-5213
[08-Jan-2026 15:38:02 Europe/Berlin] === PAYMENT HANDLER END ===\n
[08-Jan-2026 16:01:26 Europe/Berlin] \n\n=== PAYMENT HANDLER START ===
[08-Jan-2026 16:01:26 Europe/Berlin] POST data: {"id_transaksi":"9","id_user":"5","id_pengiriman":"9","metode_pembayaran":"bank_transfer"}
[08-Jan-2026 16:01:26 Europe/Berlin] FILES: ["bukti_pembayaran"]
[08-Jan-2026 16:01:26 Europe/Berlin] SESSION keys: ["user","user_id","user_name","username","email","role","logged_in","success","current_transaksi_id","checkout_id","checkout_code","checkout_total","id_pengiriman","ongkir","subtotal"]
[08-Jan-2026 16:01:26 Europe/Berlin] Session id_pengiriman: 9
[08-Jan-2026 16:01:26 Europe/Berlin] Session user_id: 5
[08-Jan-2026 16:01:26 Europe/Berlin] Resolved id_pengiriman: 9
[08-Jan-2026 16:01:26 Europe/Berlin] Resolved id_transaksi: 9
[08-Jan-2026 16:01:26 Europe/Berlin] Metode: bank_transfer
[08-Jan-2026 16:01:26 Europe/Berlin] File mime type: image/png
[08-Jan-2026 16:01:26 Europe/Berlin] Uploading to: ../uploads/pembayaran/pembayaran_5_1767884486.png
[08-Jan-2026 16:01:26 Europe/Berlin] File uploaded successfully: ../uploads/pembayaran/pembayaran_5_1767884486.png
[08-Jan-2026 16:01:26 Europe/Berlin] Transaction found: {"id_transaksi":9,"id_user":5,"total_harga":"6019000.00","status_pesanan":"","metode_pembayaran":"","alamat_pengiriman":"Testing, Testing, Testing, Testing 11111","no_resi":null,"tanggal_transaksi":"2026-01-08 22:01:15","tanggal_diperbarui":"2026-01-08 22:01:15","kode_transaksi":"TRX-20260108160115-97501","catatan_user":"","bukti_pembayaran":null,"ekspedisi":null,"no_resi_awal":null}
[08-Jan-2026 16:01:26 Europe/Berlin] Items found: 1
[08-Jan-2026 16:01:26 Europe/Berlin] Shipping found: {"id_pengiriman":9,"id_user":5,"no_pengiriman":"SHIP-20260108160115-33368","nama_penerima":"salabim","no_telepon":"111111111111","email":"salambim@example.com","provinsi":"Testing","kota":"Testing","kecamatan":"Testing","kode_pos":"11111","alamat_lengkap":"Testing","metode_pengiriman":"regular","ongkir":20000,"catatan":"","status_pengiriman":"Menunggu Pickup","tanggal_pengiriman":"2026-01-08 22:01:15","tanggal_konfirmasi":null,"tanggal_diterima":null,"created_at":"2026-01-08 22:01:15","updated_at":"2026-01-08 22:01:15"}
[08-Jan-2026 16:01:26 Europe/Berlin] Totals - Subtotal: 5999000, Ongkir: 20000, Total: 6019000
[08-Jan-2026 16:01:26 Europe/Berlin] Executing update query...
[08-Jan-2026 16:01:26 Europe/Berlin] Update transaksi rows affected: 1
[08-Jan-2026 16:01:26 Europe/Berlin] Clearing cart for user: 5
[08-Jan-2026 16:01:26 Europe/Berlin] Cart cleared. Rows deleted: 0
[08-Jan-2026 16:01:26 Europe/Berlin] Updating pengiriman: 9
[08-Jan-2026 16:01:26 Europe/Berlin] Pengiriman updated. Rows affected: 1
[08-Jan-2026 16:01:26 Europe/Berlin] Transaction committed successfully
[08-Jan-2026 16:01:26 Europe/Berlin] [SUCCESS] Payment confirmed: id_transaksi=9, no_pesanan=ORD-20260108160126-9642
[08-Jan-2026 16:01:26 Europe/Berlin] === PAYMENT HANDLER END ===\n
[08-Jan-2026 16:04:23 Europe/Berlin] \n\n=== PAYMENT HANDLER START ===
[08-Jan-2026 16:04:23 Europe/Berlin] POST data: {"id_transaksi":"9","id_user":"5","id_pengiriman":"9","metode_pembayaran":"bank_transfer"}
[08-Jan-2026 16:04:23 Europe/Berlin] FILES: ["bukti_pembayaran"]
[08-Jan-2026 16:04:23 Europe/Berlin] SESSION keys: ["user","user_id","user_name","username","email","role","logged_in","success","current_transaksi_id","id_pengiriman"]
[08-Jan-2026 16:04:23 Europe/Berlin] Session id_pengiriman: 9
[08-Jan-2026 16:04:23 Europe/Berlin] Session user_id: 5
[08-Jan-2026 16:04:23 Europe/Berlin] Resolved id_pengiriman: 9
[08-Jan-2026 16:04:23 Europe/Berlin] Resolved id_transaksi: 9
[08-Jan-2026 16:04:23 Europe/Berlin] Metode: bank_transfer
[08-Jan-2026 16:04:23 Europe/Berlin] File mime type: image/png
[08-Jan-2026 16:04:23 Europe/Berlin] Uploading to: ../uploads/pembayaran/pembayaran_5_1767884663.png
[08-Jan-2026 16:04:23 Europe/Berlin] File uploaded successfully: ../uploads/pembayaran/pembayaran_5_1767884663.png
[08-Jan-2026 16:04:23 Europe/Berlin] Transaction found: {"id_transaksi":9,"id_user":5,"total_harga":"6019000.00","status_pesanan":"","metode_pembayaran":"bank_transfer","alamat_pengiriman":"Testing, Testing, Testing, Testing 11111","no_resi":null,"tanggal_transaksi":"2026-01-08 22:01:15","tanggal_diperbarui":"2026-01-08 22:01:26","kode_transaksi":"TRX-20260108160115-97501","catatan_user":"","bukti_pembayaran":"pembayaran_5_1767884486.png","ekspedisi":null,"no_resi_awal":null}
[08-Jan-2026 16:04:23 Europe/Berlin] Items found: 1
[08-Jan-2026 16:04:23 Europe/Berlin] Shipping found: {"id_pengiriman":9,"id_user":5,"no_pengiriman":"SHIP-20260108160115-33368","nama_penerima":"salabim","no_telepon":"111111111111","email":"salambim@example.com","provinsi":"Testing","kota":"Testing","kecamatan":"Testing","kode_pos":"11111","alamat_lengkap":"Testing","metode_pengiriman":"regular","ongkir":20000,"catatan":"","status_pengiriman":"Menunggu Pickup","tanggal_pengiriman":"2026-01-08 22:01:15","tanggal_konfirmasi":"2026-01-08 22:01:26","tanggal_diterima":null,"created_at":"2026-01-08 22:01:15","updated_at":"2026-01-08 22:01:26"}
[08-Jan-2026 16:04:23 Europe/Berlin] Totals - Subtotal: 5999000, Ongkir: 20000, Total: 6019000
[08-Jan-2026 16:04:23 Europe/Berlin] Executing update query...
[08-Jan-2026 16:04:23 Europe/Berlin] Update transaksi rows affected: 1
[08-Jan-2026 16:04:23 Europe/Berlin] Clearing cart for user: 5
[08-Jan-2026 16:04:23 Europe/Berlin] Cart cleared. Rows deleted: 0
[08-Jan-2026 16:04:23 Europe/Berlin] Updating pengiriman: 9
[08-Jan-2026 16:04:23 Europe/Berlin] Pengiriman updated. Rows affected: 1
[08-Jan-2026 16:04:23 Europe/Berlin] Transaction committed successfully
[08-Jan-2026 16:04:23 Europe/Berlin] [SUCCESS] Payment confirmed: id_transaksi=9, no_pesanan=ORD-20260108160423-6698
[08-Jan-2026 16:04:23 Europe/Berlin] === PAYMENT HANDLER END ===\n
[08-Jan-2026 16:05:11 Europe/Berlin] \n\n=== PAYMENT HANDLER START ===
[08-Jan-2026 16:05:11 Europe/Berlin] POST data: {"id_transaksi":"10","id_user":"5","id_pengiriman":"10","metode_pembayaran":"bank_transfer"}
[08-Jan-2026 16:05:11 Europe/Berlin] FILES: ["bukti_pembayaran"]
[08-Jan-2026 16:05:11 Europe/Berlin] SESSION keys: ["user","user_id","user_name","username","email","role","logged_in","success","current_transaksi_id","id_pengiriman","checkout_id","checkout_code","checkout_total","ongkir","subtotal"]
[08-Jan-2026 16:05:11 Europe/Berlin] Session id_pengiriman: 10
[08-Jan-2026 16:05:11 Europe/Berlin] Session user_id: 5
[08-Jan-2026 16:05:11 Europe/Berlin] Resolved id_pengiriman: 10
[08-Jan-2026 16:05:11 Europe/Berlin] Resolved id_transaksi: 10
[08-Jan-2026 16:05:11 Europe/Berlin] Metode: bank_transfer
[08-Jan-2026 16:05:11 Europe/Berlin] File mime type: image/png
[08-Jan-2026 16:05:11 Europe/Berlin] Uploading to: ../uploads/pembayaran/pembayaran_5_1767884711.png
[08-Jan-2026 16:05:11 Europe/Berlin] File uploaded successfully: ../uploads/pembayaran/pembayaran_5_1767884711.png
[08-Jan-2026 16:05:11 Europe/Berlin] Transaction found: {"id_transaksi":10,"id_user":5,"total_harga":"17019000.00","status_pesanan":"","metode_pembayaran":"","alamat_pengiriman":"Testing, Testing, Testing, Testing 11111","no_resi":null,"tanggal_transaksi":"2026-01-08 22:05:02","tanggal_diperbarui":"2026-01-08 22:05:02","kode_transaksi":"TRX-20260108160502-43651","catatan_user":"","bukti_pembayaran":null,"ekspedisi":null,"no_resi_awal":null}
[08-Jan-2026 16:05:11 Europe/Berlin] Items found: 1
[08-Jan-2026 16:05:11 Europe/Berlin] Shipping found: {"id_pengiriman":10,"id_user":5,"no_pengiriman":"SHIP-20260108160502-38170","nama_penerima":"salabim","no_telepon":"111111111111","email":"salambim@example.com","provinsi":"Testing","kota":"Testing","kecamatan":"Testing","kode_pos":"11111","alamat_lengkap":"Testing","metode_pengiriman":"regular","ongkir":20000,"catatan":"","status_pengiriman":"Menunggu Pickup","tanggal_pengiriman":"2026-01-08 22:05:02","tanggal_konfirmasi":null,"tanggal_diterima":null,"created_at":"2026-01-08 22:05:02","updated_at":"2026-01-08 22:05:02"}
[08-Jan-2026 16:05:11 Europe/Berlin] Totals - Subtotal: 16999000, Ongkir: 20000, Total: 17019000
[08-Jan-2026 16:05:11 Europe/Berlin] Executing update query...
[08-Jan-2026 16:05:11 Europe/Berlin] Update transaksi rows affected: 1
[08-Jan-2026 16:05:11 Europe/Berlin] Clearing cart for user: 5
[08-Jan-2026 16:05:11 Europe/Berlin] Cart cleared. Rows deleted: 0
[08-Jan-2026 16:05:11 Europe/Berlin] Updating pengiriman: 10
[08-Jan-2026 16:05:11 Europe/Berlin] Pengiriman updated. Rows affected: 1
[08-Jan-2026 16:05:11 Europe/Berlin] Transaction committed successfully
[08-Jan-2026 16:05:11 Europe/Berlin] [SUCCESS] Payment confirmed: id_transaksi=10, no_pesanan=ORD-20260108160511-3188
[08-Jan-2026 16:05:11 Europe/Berlin] === PAYMENT HANDLER END ===\n
[08-Jan-2026 16:09:13 Europe/Berlin] \n\n=== PAYMENT HANDLER START ===
[08-Jan-2026 16:09:13 Europe/Berlin] POST data: {"id_transaksi":"11","id_user":"5","id_pengiriman":"11","metode_pembayaran":"bank_transfer"}
[08-Jan-2026 16:09:13 Europe/Berlin] FILES: ["bukti_pembayaran"]
[08-Jan-2026 16:09:13 Europe/Berlin] SESSION keys: ["user","user_id","user_name","username","email","role","logged_in","success","current_transaksi_id","checkout_id","checkout_code","checkout_total","id_pengiriman","ongkir","subtotal"]
[08-Jan-2026 16:09:13 Europe/Berlin] Session id_pengiriman: 11
[08-Jan-2026 16:09:13 Europe/Berlin] Session user_id: 5
[08-Jan-2026 16:09:13 Europe/Berlin] Resolved id_pengiriman: 11
[08-Jan-2026 16:09:13 Europe/Berlin] Resolved id_transaksi: 11
[08-Jan-2026 16:09:13 Europe/Berlin] Metode: bank_transfer
[08-Jan-2026 16:09:13 Europe/Berlin] File mime type: image/png
[08-Jan-2026 16:09:13 Europe/Berlin] Uploading to: ../uploads/pembayaran/pembayaran_5_1767884953.png
[08-Jan-2026 16:09:13 Europe/Berlin] File uploaded successfully: ../uploads/pembayaran/pembayaran_5_1767884953.png
[08-Jan-2026 16:09:13 Europe/Berlin] Transaction found: {"id_transaksi":11,"id_user":5,"total_harga":"13019000.00","status_pesanan":"","metode_pembayaran":"","alamat_pengiriman":"Testing, Testing, Testing, Testing 11111","no_resi":null,"tanggal_transaksi":"2026-01-08 22:09:05","tanggal_diperbarui":"2026-01-08 22:09:05","kode_transaksi":"TRX-20260108160905-99857","catatan_user":"","bukti_pembayaran":null,"ekspedisi":null,"no_resi_awal":null}
[08-Jan-2026 16:09:13 Europe/Berlin] Items found: 1
[08-Jan-2026 16:09:13 Europe/Berlin] Shipping found: {"id_pengiriman":11,"id_user":5,"no_pengiriman":"SHIP-20260108160905-76869","nama_penerima":"salabim","no_telepon":"111111111111","email":"salambim@example.com","provinsi":"Testing","kota":"Testing","kecamatan":"Testing","kode_pos":"11111","alamat_lengkap":"Testing","metode_pengiriman":"regular","ongkir":20000,"catatan":"","status_pengiriman":"Menunggu Pickup","tanggal_pengiriman":"2026-01-08 22:09:05","tanggal_konfirmasi":null,"tanggal_diterima":null,"created_at":"2026-01-08 22:09:05","updated_at":"2026-01-08 22:09:05"}
[08-Jan-2026 16:09:13 Europe/Berlin] Totals - Subtotal: 12999000, Ongkir: 20000, Total: 13019000
[08-Jan-2026 16:09:13 Europe/Berlin] Executing update query...
[08-Jan-2026 16:09:13 Europe/Berlin] Update transaksi rows affected: 1
[08-Jan-2026 16:09:13 Europe/Berlin] Clearing cart for user: 5
[08-Jan-2026 16:09:13 Europe/Berlin] Cart cleared. Rows deleted: 0
[08-Jan-2026 16:09:13 Europe/Berlin] Updating pengiriman: 11
[08-Jan-2026 16:09:13 Europe/Berlin] Pengiriman updated. Rows affected: 1
[08-Jan-2026 16:09:13 Europe/Berlin] Transaction committed successfully
[08-Jan-2026 16:09:13 Europe/Berlin] [SUCCESS] Payment confirmed: id_transaksi=11, no_pesanan=ORD-20260108160913-4016
[08-Jan-2026 16:09:13 Europe/Berlin] === PAYMENT HANDLER END ===\n
[18-Jan-2026 11:50:35 Europe/Berlin] \n\n=== PAYMENT HANDLER START ===
[18-Jan-2026 11:50:35 Europe/Berlin] POST data: {"id_transaksi":"12","id_user":"5","id_pengiriman":"12","metode_pembayaran":"bank_transfer"}
[18-Jan-2026 11:50:35 Europe/Berlin] FILES: ["bukti_pembayaran"]
[18-Jan-2026 11:50:35 Europe/Berlin] SESSION keys: ["user","user_id","user_name","username","email","role","logged_in","success","checkout_id","checkout_code","checkout_total","id_pengiriman","ongkir","subtotal","current_transaksi_id"]
[18-Jan-2026 11:50:35 Europe/Berlin] Session id_pengiriman: 12
[18-Jan-2026 11:50:35 Europe/Berlin] Session user_id: 5
[18-Jan-2026 11:50:35 Europe/Berlin] Resolved id_pengiriman: 12
[18-Jan-2026 11:50:35 Europe/Berlin] Resolved id_transaksi: 12
[18-Jan-2026 11:50:35 Europe/Berlin] Metode: bank_transfer
[18-Jan-2026 11:50:35 Europe/Berlin] File mime type: image/png
[18-Jan-2026 11:50:35 Europe/Berlin] Uploading to: ../uploads/pembayaran/pembayaran_5_1768733435.png
[18-Jan-2026 11:50:35 Europe/Berlin] File uploaded successfully: ../uploads/pembayaran/pembayaran_5_1768733435.png
[18-Jan-2026 11:50:35 Europe/Berlin] Transaction found: {"id_transaksi":12,"id_user":5,"total_harga":"26018000.00","status_pesanan":"0","metode_pembayaran":"","alamat_pengiriman":"test, Testing, Testing, Testing 11111","no_resi":null,"tanggal_transaksi":"2026-01-18 17:50:20","tanggal_diperbarui":"2026-01-18 17:50:20","kode_transaksi":"TRX-20260118115020-25157","catatan_user":"","bukti_pembayaran":null,"ekspedisi":null,"no_resi_awal":null}
[18-Jan-2026 11:50:35 Europe/Berlin] Items found: 2
[18-Jan-2026 11:50:35 Europe/Berlin] Shipping found: {"id_pengiriman":12,"id_user":5,"no_pengiriman":"SHIP-20260118115020-23282","nama_penerima":"salabim","no_telepon":"111111111111","email":"salambim@example.com","provinsi":"Testing","kota":"Testing","kecamatan":"Testing","kode_pos":"11111","alamat_lengkap":"test","metode_pengiriman":"regular","ongkir":20000,"catatan":"","status_pengiriman":"Menunggu Pickup","tanggal_pengiriman":"2026-01-18 17:50:20","tanggal_konfirmasi":null,"tanggal_diterima":null,"created_at":"2026-01-18 17:50:20","updated_at":"2026-01-18 17:50:20"}
[18-Jan-2026 11:50:35 Europe/Berlin] Totals - Subtotal: 25998000, Ongkir: 20000, Total: 26018000
[18-Jan-2026 11:50:35 Europe/Berlin] Executing update query...
[18-Jan-2026 11:50:35 Europe/Berlin] Update transaksi rows affected: 1
[18-Jan-2026 11:50:35 Europe/Berlin] Clearing cart for user: 5
[18-Jan-2026 11:50:35 Europe/Berlin] Cart cleared. Rows deleted: 0
[18-Jan-2026 11:50:35 Europe/Berlin] Updating pengiriman: 12
[18-Jan-2026 11:50:35 Europe/Berlin] Pengiriman updated. Rows affected: 1
[18-Jan-2026 11:50:35 Europe/Berlin] Transaction committed successfully
[18-Jan-2026 11:50:35 Europe/Berlin] [SUCCESS] Payment confirmed: id_transaksi=12, no_pesanan=ORD-20260118115035-9186
[18-Jan-2026 11:50:35 Europe/Berlin] === PAYMENT HANDLER END ===\n
[18-Jan-2026 17:17:56 Europe/Berlin] \n\n=== PAYMENT HANDLER START ===
[18-Jan-2026 17:17:56 Europe/Berlin] POST data: {"id_transaksi":"13","id_user":"5","id_pengiriman":"13","metode_pembayaran":"bank_transfer"}
[18-Jan-2026 17:17:56 Europe/Berlin] FILES: ["bukti_pembayaran"]
[18-Jan-2026 17:17:56 Europe/Berlin] SESSION keys: ["user","user_id","user_name","username","email","role","logged_in","success","current_transaksi_id","checkout_id","checkout_code","checkout_total","id_pengiriman","ongkir","subtotal"]
[18-Jan-2026 17:17:56 Europe/Berlin] Session id_pengiriman: 13
[18-Jan-2026 17:17:56 Europe/Berlin] Session user_id: 5
[18-Jan-2026 17:17:56 Europe/Berlin] Resolved id_pengiriman: 13
[18-Jan-2026 17:17:56 Europe/Berlin] Resolved id_transaksi: 13
[18-Jan-2026 17:17:56 Europe/Berlin] Metode: bank_transfer
[18-Jan-2026 17:17:56 Europe/Berlin] File mime type: image/png
[18-Jan-2026 17:17:56 Europe/Berlin] Uploading to: ../uploads/pembayaran/pembayaran_5_1768753076.png
[18-Jan-2026 17:17:56 Europe/Berlin] File uploaded successfully: ../uploads/pembayaran/pembayaran_5_1768753076.png
[18-Jan-2026 17:17:56 Europe/Berlin] Transaction found: {"id_transaksi":13,"id_user":5,"total_harga":"7519000.00","status_pesanan":"0","metode_pembayaran":"","alamat_pengiriman":"test, Testing, Testing, Testing 11111","no_resi":null,"tanggal_transaksi":"2026-01-18 23:17:44","tanggal_diperbarui":"2026-01-18 23:17:44","kode_transaksi":"TRX-20260118171744-16395","catatan_user":"","bukti_pembayaran":null,"ekspedisi":null,"no_resi_awal":null}
[18-Jan-2026 17:17:56 Europe/Berlin] Items found: 1
[18-Jan-2026 17:17:56 Europe/Berlin] Shipping found: {"id_pengiriman":13,"id_user":5,"no_pengiriman":"SHIP-20260118171744-83316","nama_penerima":"salabim","no_telepon":"111111111111","email":"salambim@example.com","provinsi":"Testing","kota":"Testing","kecamatan":"Testing","kode_pos":"11111","alamat_lengkap":"test","metode_pengiriman":"regular","ongkir":20000,"catatan":"","status_pengiriman":"Menunggu Pickup","tanggal_pengiriman":"2026-01-18 23:17:44","tanggal_konfirmasi":null,"tanggal_diterima":null,"created_at":"2026-01-18 23:17:44","updated_at":"2026-01-18 23:17:44"}
[18-Jan-2026 17:17:56 Europe/Berlin] Totals - Subtotal: 7499000, Ongkir: 20000, Total: 7519000
[18-Jan-2026 17:17:56 Europe/Berlin] Executing update query...
[18-Jan-2026 17:17:56 Europe/Berlin] Update transaksi rows affected: 1
[18-Jan-2026 17:17:56 Europe/Berlin] Clearing cart for user: 5
[18-Jan-2026 17:17:56 Europe/Berlin] Cart cleared. Rows deleted: 0
[18-Jan-2026 17:17:56 Europe/Berlin] Updating pengiriman: 13
[18-Jan-2026 17:17:56 Europe/Berlin] Pengiriman updated. Rows affected: 1
[18-Jan-2026 17:17:56 Europe/Berlin] Transaction committed successfully
[18-Jan-2026 17:17:56 Europe/Berlin] [SUCCESS] Payment confirmed: id_transaksi=13, no_pesanan=ORD-20260118171756-9765
[18-Jan-2026 17:17:56 Europe/Berlin] === PAYMENT HANDLER END ===\n
[18-Jan-2026 18:34:48 Europe/Berlin] \n\n=== PAYMENT HANDLER START ===
[18-Jan-2026 18:34:48 Europe/Berlin] POST data: {"id_transaksi":"14","id_user":"5","id_pengiriman":"14","metode_pembayaran":"bank_transfer"}
[18-Jan-2026 18:34:48 Europe/Berlin] FILES: ["bukti_pembayaran"]
[18-Jan-2026 18:34:48 Europe/Berlin] SESSION keys: ["user","user_id","user_name","username","email","role","logged_in","success","current_transaksi_id","checkout_id","checkout_code","checkout_total","id_pengiriman","ongkir","subtotal"]
[18-Jan-2026 18:34:48 Europe/Berlin] Session id_pengiriman: 14
[18-Jan-2026 18:34:48 Europe/Berlin] Session user_id: 5
[18-Jan-2026 18:34:48 Europe/Berlin] Resolved id_pengiriman: 14
[18-Jan-2026 18:34:48 Europe/Berlin] Resolved id_transaksi: 14
[18-Jan-2026 18:34:48 Europe/Berlin] Metode: bank_transfer
[18-Jan-2026 18:34:48 Europe/Berlin] File mime type: image/png
[18-Jan-2026 18:34:48 Europe/Berlin] Uploading to: ../uploads/pembayaran/pembayaran_5_1768757688.png
[18-Jan-2026 18:34:48 Europe/Berlin] File uploaded successfully: ../uploads/pembayaran/pembayaran_5_1768757688.png
[18-Jan-2026 18:34:48 Europe/Berlin] Transaction found: {"id_transaksi":14,"id_user":5,"total_harga":"13019000.00","status_pesanan":"0","metode_pembayaran":"","alamat_pengiriman":"test, Testing, Testing, Testing 11111","no_resi":null,"tanggal_transaksi":"2026-01-19 00:34:36","tanggal_diperbarui":"2026-01-19 00:34:36","kode_transaksi":"TRX-20260118183436-47349","catatan_user":"","bukti_pembayaran":null,"ekspedisi":null,"no_resi_awal":null}
[18-Jan-2026 18:34:48 Europe/Berlin] Items found: 1
[18-Jan-2026 18:34:48 Europe/Berlin] Shipping found: {"id_pengiriman":14,"id_user":5,"no_pengiriman":"SHIP-20260118183436-74384","nama_penerima":"salabim","no_telepon":"111111111111","email":"salambim@example.com","provinsi":"Testing","kota":"Testing","kecamatan":"Testing","kode_pos":"11111","alamat_lengkap":"test","metode_pengiriman":"regular","ongkir":20000,"catatan":"","status_pengiriman":"Menunggu Pickup","tanggal_pengiriman":"2026-01-19 00:34:37","tanggal_konfirmasi":null,"tanggal_diterima":null,"created_at":"2026-01-19 00:34:37","updated_at":"2026-01-19 00:34:37"}
[18-Jan-2026 18:34:48 Europe/Berlin] Totals - Subtotal: 12999000, Ongkir: 20000, Total: 13019000
[18-Jan-2026 18:34:48 Europe/Berlin] Executing update query...
[18-Jan-2026 18:34:48 Europe/Berlin] Update transaksi rows affected: 1
[18-Jan-2026 18:34:48 Europe/Berlin] Clearing cart for user: 5
[18-Jan-2026 18:34:48 Europe/Berlin] Cart cleared. Rows deleted: 0
[18-Jan-2026 18:34:48 Europe/Berlin] Updating pengiriman: 14
[18-Jan-2026 18:34:48 Europe/Berlin] Pengiriman updated. Rows affected: 1
[18-Jan-2026 18:34:48 Europe/Berlin] Transaction committed successfully
[18-Jan-2026 18:34:48 Europe/Berlin] [SUCCESS] Payment confirmed: id_transaksi=14, no_pesanan=ORD-20260118183448-3121
[18-Jan-2026 18:34:48 Europe/Berlin] === PAYMENT HANDLER END ===\n
[18-Jan-2026 18:38:52 Europe/Berlin] \n\n=== PAYMENT HANDLER START ===
[18-Jan-2026 18:38:52 Europe/Berlin] POST data: {"id_transaksi":"15","id_user":"5","id_pengiriman":"15","metode_pembayaran":"bank_transfer"}
[18-Jan-2026 18:38:52 Europe/Berlin] FILES: ["bukti_pembayaran"]
[18-Jan-2026 18:38:52 Europe/Berlin] SESSION keys: ["user","user_id","user_name","username","email","role","logged_in","success","current_transaksi_id","checkout_id","checkout_code","checkout_total","id_pengiriman","ongkir","subtotal"]
[18-Jan-2026 18:38:52 Europe/Berlin] Session id_pengiriman: 15
[18-Jan-2026 18:38:52 Europe/Berlin] Session user_id: 5
[18-Jan-2026 18:38:52 Europe/Berlin] Resolved id_pengiriman: 15
[18-Jan-2026 18:38:52 Europe/Berlin] Resolved id_transaksi: 15
[18-Jan-2026 18:38:52 Europe/Berlin] Metode: bank_transfer
[18-Jan-2026 18:38:52 Europe/Berlin] File mime type: image/png
[18-Jan-2026 18:38:52 Europe/Berlin] Upload Handler - Type: pembayaran, Dir: C:\xampp\htdocs\MobileNest/admin/uploads/pembayaran, File: C:\xampp\htdocs\MobileNest/admin/uploads/pembayaran/pembayaran_15_1768757932_f5652931.png
[18-Jan-2026 18:38:52 Europe/Berlin] File uploaded successfully via UploadHandler: pembayaran_15_1768757932_f5652931.png
[18-Jan-2026 18:38:52 Europe/Berlin] Transaction found: {"id_transaksi":15,"id_user":5,"total_harga":"7519000.00","status_pesanan":"0","metode_pembayaran":"","alamat_pengiriman":"test, Testing, Testing, Testing 11111","no_resi":null,"tanggal_transaksi":"2026-01-19 00:38:44","tanggal_diperbarui":"2026-01-19 00:38:44","kode_transaksi":"TRX-20260118183844-52068","catatan_user":"","bukti_pembayaran":null,"ekspedisi":null,"no_resi_awal":null}
[18-Jan-2026 18:38:52 Europe/Berlin] Items found: 1
[18-Jan-2026 18:38:52 Europe/Berlin] Shipping found: {"id_pengiriman":15,"id_user":5,"no_pengiriman":"SHIP-20260118183844-16900","nama_penerima":"salabim","no_telepon":"111111111111","email":"salambim@example.com","provinsi":"Testing","kota":"Testing","kecamatan":"Testing","kode_pos":"11111","alamat_lengkap":"test","metode_pengiriman":"regular","ongkir":20000,"catatan":"","status_pengiriman":"Menunggu Pickup","tanggal_pengiriman":"2026-01-19 00:38:44","tanggal_konfirmasi":null,"tanggal_diterima":null,"created_at":"2026-01-19 00:38:44","updated_at":"2026-01-19 00:38:44"}
[18-Jan-2026 18:38:52 Europe/Berlin] Totals - Subtotal: 7499000, Ongkir: 20000, Total: 7519000
[18-Jan-2026 18:38:52 Europe/Berlin] Executing update query...
[18-Jan-2026 18:38:52 Europe/Berlin] Update transaksi rows affected: 1
[18-Jan-2026 18:38:52 Europe/Berlin] Clearing cart for user: 5
[18-Jan-2026 18:38:52 Europe/Berlin] Cart cleared. Rows deleted: 0
[18-Jan-2026 18:38:52 Europe/Berlin] Updating pengiriman: 15
[18-Jan-2026 18:38:52 Europe/Berlin] Pengiriman updated. Rows affected: 1
[18-Jan-2026 18:38:52 Europe/Berlin] Transaction committed successfully
[18-Jan-2026 18:38:52 Europe/Berlin] [SUCCESS] Payment confirmed: id_transaksi=15, no_pesanan=ORD-20260118183852-9539
[18-Jan-2026 18:38:52 Europe/Berlin] === PAYMENT HANDLER END ===\n
[18-Jan-2026 18:48:57 Europe/Berlin] \n\n=== PAYMENT HANDLER START ===
[18-Jan-2026 18:48:57 Europe/Berlin] POST data: {"id_transaksi":"16","id_user":"5","id_pengiriman":"16","metode_pembayaran":"bank_transfer"}
[18-Jan-2026 18:48:57 Europe/Berlin] FILES: ["bukti_pembayaran"]
[18-Jan-2026 18:48:57 Europe/Berlin] SESSION keys: ["user","user_id","user_name","username","email","role","logged_in","success","current_transaksi_id","checkout_id","checkout_code","checkout_total","id_pengiriman","ongkir","subtotal"]
[18-Jan-2026 18:48:57 Europe/Berlin] Session id_pengiriman: 16
[18-Jan-2026 18:48:57 Europe/Berlin] Session user_id: 5
[18-Jan-2026 18:48:57 Europe/Berlin] Resolved id_pengiriman: 16
[18-Jan-2026 18:48:57 Europe/Berlin] Resolved id_transaksi: 16
[18-Jan-2026 18:48:57 Europe/Berlin] Metode: bank_transfer
[18-Jan-2026 18:48:57 Europe/Berlin] File mime type: image/png
[18-Jan-2026 18:48:57 Europe/Berlin] Upload Handler - Type: pembayaran, Dir: C:\xampp\htdocs\MobileNest/admin/uploads/pembayaran, File: C:\xampp\htdocs\MobileNest/admin/uploads/pembayaran/pembayaran_16_1768758537_0a0a4516.png
[18-Jan-2026 18:48:57 Europe/Berlin] File uploaded successfully via UploadHandler: pembayaran_16_1768758537_0a0a4516.png
[18-Jan-2026 18:48:57 Europe/Berlin] Transaction found: {"id_transaksi":16,"id_user":5,"total_harga":"7519000.00","status_pesanan":"0","metode_pembayaran":"","alamat_pengiriman":"test, Testing, Testing, Testing 11111","no_resi":null,"tanggal_transaksi":"2026-01-19 00:48:50","tanggal_diperbarui":"2026-01-19 00:48:50","kode_transaksi":"TRX-20260118184850-73121","catatan_user":"","bukti_pembayaran":null,"ekspedisi":null,"no_resi_awal":null}
[18-Jan-2026 18:48:57 Europe/Berlin] Items found: 1
[18-Jan-2026 18:48:57 Europe/Berlin] Shipping found: {"id_pengiriman":16,"id_user":5,"no_pengiriman":"SHIP-20260118184850-73714","nama_penerima":"salabim","no_telepon":"111111111111","email":"salambim@example.com","provinsi":"Testing","kota":"Testing","kecamatan":"Testing","kode_pos":"11111","alamat_lengkap":"test","metode_pengiriman":"regular","ongkir":20000,"catatan":"","status_pengiriman":"Menunggu Pickup","tanggal_pengiriman":"2026-01-19 00:48:50","tanggal_konfirmasi":null,"tanggal_diterima":null,"created_at":"2026-01-19 00:48:50","updated_at":"2026-01-19 00:48:50"}
[18-Jan-2026 18:48:57 Europe/Berlin] Totals - Subtotal: 7499000, Ongkir: 20000, Total: 7519000
[18-Jan-2026 18:48:57 Europe/Berlin] Executing update query...
[18-Jan-2026 18:48:57 Europe/Berlin] Update transaksi rows affected: 1
[18-Jan-2026 18:48:57 Europe/Berlin] Clearing cart for user: 5
[18-Jan-2026 18:48:57 Europe/Berlin] Cart cleared. Rows deleted: 0
[18-Jan-2026 18:48:57 Europe/Berlin] Updating pengiriman: 16
[18-Jan-2026 18:48:57 Europe/Berlin] Pengiriman updated. Rows affected: 1
[18-Jan-2026 18:48:57 Europe/Berlin] Transaction committed successfully
[18-Jan-2026 18:48:57 Europe/Berlin] [SUCCESS] Payment confirmed: id_transaksi=16, no_pesanan=ORD-20260118184857-4652
[18-Jan-2026 18:48:57 Europe/Berlin] === PAYMENT HANDLER END ===\n
[20-Jan-2026 12:23:28 Europe/Berlin] \n\n=== PAYMENT HANDLER START ===
[20-Jan-2026 12:23:28 Europe/Berlin] POST data: {"id_transaksi":"8","id_user":"97","id_pengiriman":"8","metode_pembayaran":"bank_transfer"}
[20-Jan-2026 12:23:28 Europe/Berlin] FILES: ["bukti_pembayaran"]
[20-Jan-2026 12:23:28 Europe/Berlin] SESSION keys: ["user","user_id","user_name","username","email","role","logged_in","success","checkout_id","checkout_code","checkout_total","id_pengiriman","ongkir","subtotal","current_transaksi_id"]
[20-Jan-2026 12:23:28 Europe/Berlin] Session id_pengiriman: 8
[20-Jan-2026 12:23:28 Europe/Berlin] Session user_id: 97
[20-Jan-2026 12:23:28 Europe/Berlin] Resolved id_pengiriman: 8
[20-Jan-2026 12:23:28 Europe/Berlin] Resolved id_transaksi: 8
[20-Jan-2026 12:23:28 Europe/Berlin] Metode: bank_transfer
[20-Jan-2026 12:23:28 Europe/Berlin] File mime type: image/png
[20-Jan-2026 12:23:28 Europe/Berlin] Upload Handler - Type: pembayaran, Dir: C:\xampp\htdocs\MobileNest/admin/uploads/pembayaran, File: C:\xampp\htdocs\MobileNest/admin/uploads/pembayaran/pembayaran_8_1768908208_02bd5541.png
[20-Jan-2026 12:23:28 Europe/Berlin] File uploaded successfully via UploadHandler: pembayaran_8_1768908208_02bd5541.png
[20-Jan-2026 12:23:28 Europe/Berlin] Transaction found: {"id_transaksi":8,"id_user":97,"total_harga":"20099000.00","status_pesanan":"","metode_pembayaran":"","alamat_pengiriman":"ngawi, ngawi, ngawi, Jawa ireng 67676","no_resi":null,"tanggal_transaksi":"2026-01-20 18:22:46","tanggal_diperbarui":"2026-01-20 18:22:46","kode_transaksi":"TRX-20260120122246-95673","catatan_user":"","bukti_pembayaran":null,"ekspedisi":null,"no_resi_awal":null}
[20-Jan-2026 12:23:28 Europe/Berlin] Items found: 1
[20-Jan-2026 12:23:28 Europe/Berlin] Shipping found: {"id_pengiriman":8,"id_user":97,"no_pengiriman":"SHIP-20260120122246-88437","nama_penerima":"Sayid Ali Akbar","no_telepon":"087657383638","email":"Sayidaliakbar@gmail.com","provinsi":"Jawa ireng","kota":"ngawi","kecamatan":"ngawi","kode_pos":"67676","alamat_lengkap":"ngawi","metode_pengiriman":"same_day","ongkir":100000,"catatan":"","status_pengiriman":"Menunggu Pickup","tanggal_pengiriman":"2026-01-20 18:22:46","tanggal_konfirmasi":null,"tanggal_diterima":null,"created_at":"2026-01-20 18:22:46","updated_at":"2026-01-20 18:22:46"}
[20-Jan-2026 12:23:28 Europe/Berlin] Totals - Subtotal: 19999000, Ongkir: 100000, Total: 20099000
[20-Jan-2026 12:23:28 Europe/Berlin] Executing update query...
[20-Jan-2026 12:23:28 Europe/Berlin] Update transaksi rows affected: 1
[20-Jan-2026 12:23:28 Europe/Berlin] Clearing cart for user: 97
[20-Jan-2026 12:23:28 Europe/Berlin] Cart cleared. Rows deleted: 0
[20-Jan-2026 12:23:28 Europe/Berlin] Updating pengiriman: 8
[20-Jan-2026 12:23:28 Europe/Berlin] Pengiriman updated. Rows affected: 1
[20-Jan-2026 12:23:28 Europe/Berlin] Transaction committed successfully
[20-Jan-2026 12:23:28 Europe/Berlin] [SUCCESS] Payment confirmed: id_transaksi=8, no_pesanan=ORD-20260120122328-3419
[20-Jan-2026 12:23:28 Europe/Berlin] === PAYMENT HANDLER END ===\n
[20-Jan-2026 12:59:01 Europe/Berlin] \n\n=== PAYMENT HANDLER START ===
[20-Jan-2026 12:59:01 Europe/Berlin] POST data: {"id_transaksi":"9","id_user":"97","id_pengiriman":"9","metode_pembayaran":"ewallet"}
[20-Jan-2026 12:59:01 Europe/Berlin] FILES: ["bukti_pembayaran"]
[20-Jan-2026 12:59:01 Europe/Berlin] SESSION keys: ["user","user_id","user_name","username","email","role","logged_in","success","checkout_id","checkout_code","checkout_total","id_pengiriman","ongkir","subtotal","current_transaksi_id"]
[20-Jan-2026 12:59:01 Europe/Berlin] Session id_pengiriman: 9
[20-Jan-2026 12:59:01 Europe/Berlin] Session user_id: 97
[20-Jan-2026 12:59:01 Europe/Berlin] Resolved id_pengiriman: 9
[20-Jan-2026 12:59:01 Europe/Berlin] Resolved id_transaksi: 9
[20-Jan-2026 12:59:01 Europe/Berlin] Metode: ewallet
[20-Jan-2026 12:59:01 Europe/Berlin] File mime type: image/png
[20-Jan-2026 12:59:01 Europe/Berlin] Upload Handler - Type: pembayaran, Dir: C:\xampp\htdocs\MobileNest/admin/uploads/pembayaran, File: C:\xampp\htdocs\MobileNest/admin/uploads/pembayaran/pembayaran_9_1768910341_3dae8d99.png
[20-Jan-2026 12:59:01 Europe/Berlin] File uploaded successfully via UploadHandler: pembayaran_9_1768910341_3dae8d99.png
[20-Jan-2026 12:59:01 Europe/Berlin] Transaction found: {"id_transaksi":9,"id_user":97,"total_harga":"250000.00","status_pesanan":"","metode_pembayaran":"","alamat_pengiriman":"ngawi, ngawi, ngawi, Jawa ireng 67676","no_resi":null,"tanggal_transaksi":"2026-01-20 18:57:55","tanggal_diperbarui":"2026-01-20 18:57:55","kode_transaksi":"TRX-20260120125755-27542","catatan_user":"","bukti_pembayaran":null,"ekspedisi":null,"no_resi_awal":null}
[20-Jan-2026 12:59:01 Europe/Berlin] Items found: 1
[20-Jan-2026 12:59:01 Europe/Berlin] Shipping found: {"id_pengiriman":9,"id_user":97,"no_pengiriman":"SHIP-20260120125755-79046","nama_penerima":"Sayid Ali Akbar","no_telepon":"087657383638","email":"Sayidaliakbar@gmail.com","provinsi":"Jawa ireng","kota":"ngawi","kecamatan":"ngawi","kode_pos":"67676","alamat_lengkap":"ngawi","metode_pengiriman":"express","ongkir":50000,"catatan":"","status_pengiriman":"Menunggu Pickup","tanggal_pengiriman":"2026-01-20 18:57:55","tanggal_konfirmasi":null,"tanggal_diterima":null,"created_at":"2026-01-20 18:57:55","updated_at":"2026-01-20 18:57:55"}
[20-Jan-2026 12:59:01 Europe/Berlin] Totals - Subtotal: 200000, Ongkir: 50000, Total: 250000
[20-Jan-2026 12:59:01 Europe/Berlin] Executing update query...
[20-Jan-2026 12:59:01 Europe/Berlin] Update transaksi rows affected: 1
[20-Jan-2026 12:59:01 Europe/Berlin] Clearing cart for user: 97
[20-Jan-2026 12:59:01 Europe/Berlin] Cart cleared. Rows deleted: 0
[20-Jan-2026 12:59:01 Europe/Berlin] Updating pengiriman: 9
[20-Jan-2026 12:59:01 Europe/Berlin] Pengiriman updated. Rows affected: 1
[20-Jan-2026 12:59:01 Europe/Berlin] Transaction committed successfully
[20-Jan-2026 12:59:01 Europe/Berlin] [SUCCESS] Payment confirmed: id_transaksi=9, no_pesanan=ORD-20260120125901-6941
[20-Jan-2026 12:59:01 Europe/Berlin] === PAYMENT HANDLER END ===\n
[20-Jan-2026 13:39:36 Europe/Berlin] \n\n=== PAYMENT HANDLER START ===
[20-Jan-2026 13:39:36 Europe/Berlin] POST data: {"id_transaksi":"8","id_user":"97","id_pengiriman":"8","metode_pembayaran":"bank_transfer"}
[20-Jan-2026 13:39:36 Europe/Berlin] FILES: ["bukti_pembayaran"]
[20-Jan-2026 13:39:36 Europe/Berlin] SESSION keys: ["user","user_id","user_name","username","email","role","logged_in","success","checkout_id","checkout_code","checkout_total","id_pengiriman","ongkir","subtotal","current_transaksi_id"]
[20-Jan-2026 13:39:36 Europe/Berlin] Session id_pengiriman: 8
[20-Jan-2026 13:39:36 Europe/Berlin] Session user_id: 97
[20-Jan-2026 13:39:36 Europe/Berlin] Resolved id_pengiriman: 8
[20-Jan-2026 13:39:36 Europe/Berlin] Resolved id_transaksi: 8
[20-Jan-2026 13:39:36 Europe/Berlin] Metode: bank_transfer
[20-Jan-2026 13:39:36 Europe/Berlin] File mime type: image/png
[20-Jan-2026 13:39:36 Europe/Berlin] Upload Handler - Type: pembayaran, Dir: C:\xampp\htdocs\MobileNest/admin/uploads/pembayaran, File: C:\xampp\htdocs\MobileNest/admin/uploads/pembayaran/pembayaran_8_1768912776_d53fa492.png
[20-Jan-2026 13:39:36 Europe/Berlin] File uploaded successfully via UploadHandler: pembayaran_8_1768912776_d53fa492.png
[20-Jan-2026 13:39:36 Europe/Berlin] Transaction found: {"id_transaksi":8,"id_user":97,"total_harga":"13019000.00","status_pesanan":"","metode_pembayaran":"","alamat_pengiriman":"ngawi, ngawi, ngawi, Jawa ireng 67676","no_resi":null,"tanggal_transaksi":"2026-01-20 19:37:16","tanggal_diperbarui":"2026-01-20 19:37:16","kode_transaksi":"TRX-20260120133716-74243","catatan_user":"","bukti_pembayaran":null,"ekspedisi":null,"no_resi_awal":null}
[20-Jan-2026 13:39:36 Europe/Berlin] Items found: 1
[20-Jan-2026 13:39:36 Europe/Berlin] Shipping found: {"id_pengiriman":8,"id_user":97,"no_pengiriman":"SHIP-20260120133716-90411","nama_penerima":"Sayid Ali Akbar","no_telepon":"087657383638","email":"Sayidaliakbar@gmail.com","provinsi":"Jawa ireng","kota":"ngawi","kecamatan":"ngawi","kode_pos":"67676","alamat_lengkap":"ngawi","metode_pengiriman":"regular","ongkir":20000,"catatan":"","status_pengiriman":"Menunggu Pickup","tanggal_pengiriman":"2026-01-20 19:37:16","tanggal_konfirmasi":null,"tanggal_diterima":null,"created_at":"2026-01-20 19:37:16","updated_at":"2026-01-20 19:37:16"}
[20-Jan-2026 13:39:36 Europe/Berlin] Totals - Subtotal: 12999000, Ongkir: 20000, Total: 13019000
[20-Jan-2026 13:39:36 Europe/Berlin] Executing update query...
[20-Jan-2026 13:39:36 Europe/Berlin] Update transaksi rows affected: 1
[20-Jan-2026 13:39:36 Europe/Berlin] Clearing cart for user: 97
[20-Jan-2026 13:39:36 Europe/Berlin] Cart cleared. Rows deleted: 0
[20-Jan-2026 13:39:36 Europe/Berlin] Updating pengiriman: 8
[20-Jan-2026 13:39:36 Europe/Berlin] Pengiriman updated. Rows affected: 1
[20-Jan-2026 13:39:36 Europe/Berlin] Transaction committed successfully
[20-Jan-2026 13:39:36 Europe/Berlin] [SUCCESS] Payment confirmed: id_transaksi=8, no_pesanan=ORD-20260120133936-7735
[20-Jan-2026 13:39:36 Europe/Berlin] === PAYMENT HANDLER END ===\n
